# JRE version: OpenJDK Runtime Environment GraalVM 23.0.0-dev (20.0+26) (build 20+26-jvmci-23.0-b05)
# Java VM: OpenJDK 64-Bit Server VM GraalVM 23.0.0-dev (20+26-jvmci-23.0-b05, mixed mode, tiered, jvmci, compressed oops, compressed class ptrs, parallel gc, linux-amd64)
GC Precious Log:
 CardTable entry size: 512
 CPUs: 12 total, 12 available
 Memory: 7797M
 Large Page Support: Disabled
 NUMA Support: Disabled
 Compressed Oops: Enabled (Zero based)
 Alignments: Space 512K, Generation 512K, Heap 2M
 Heap Min Capacity: 1G
 Heap Initial Capacity: 1G
 Heap Max Capacity: 6238M
 Pre-touch: Disabled
 Parallel Workers: 10
Heap:
 PSYoungGen      total 567808K, used 133228K [0x000000073e100000, 0x0000000763600000, 0x00000007c0000000)
  eden space 524288K, 25% used [0x000000073e100000,0x000000074631b128,0x000000075e100000)
  from space 43520K, 0% used [0x0000000760b80000,0x0000000760b80000,0x0000000763600000)
  to   space 43520K, 0% used [0x000000075e100000,0x000000075e100000,0x0000000760b80000)
 ParOldGen       total 699392K, used 61037K [0x000000063a200000, 0x0000000664d00000, 0x000000073e100000)
  object space 699392K, 8% used [0x000000063a200000,0x000000063dd9b700,0x0000000664d00000)
 Metaspace       used 89810K, committed 90048K, reserved 1179648K
  class space    used 11931K, committed 12032K, reserved 1048576K
GC Heap History (14 events):
Event: 1.151 GC heap before
{Heap before GC invocations=1 (full 0):
 PSYoungGen      total 305664K, used 126403K [0x000000073e100000, 0x0000000753600000, 0x00000007c0000000)
  eden space 262144K, 48% used [0x000000073e100000,0x0000000745c70f40,0x000000074e100000)
  from space 43520K, 0% used [0x0000000750b80000,0x0000000750b80000,0x0000000753600000)
  to   space 43520K, 0% used [0x000000074e100000,0x000000074e100000,0x0000000750b80000)
 ParOldGen       total 699392K, used 0K [0x000000063a200000, 0x0000000664d00000, 0x000000073e100000)
  object space 699392K, 0% used [0x000000063a200000,0x000000063a200000,0x0000000664d00000)
 Metaspace       used 21260K, committed 21504K, reserved 1114112K
  class space    used 2387K, committed 2496K, reserved 1048576K
}
Event: 1.163 GC heap after
{Heap after GC invocations=1 (full 0):
 PSYoungGen      total 305664K, used 13275K [0x000000073e100000, 0x0000000753600000, 0x00000007c0000000)
  eden space 262144K, 0% used [0x000000073e100000,0x000000073e100000,0x000000074e100000)
  from space 43520K, 30% used [0x000000074e100000,0x000000074edf6e18,0x0000000750b80000)
  to   space 43520K, 0% used [0x0000000750b80000,0x0000000750b80000,0x0000000753600000)
 ParOldGen       total 699392K, used 24K [0x000000063a200000, 0x0000000664d00000, 0x000000073e100000)
  object space 699392K, 0% used [0x000000063a200000,0x000000063a206000,0x0000000664d00000)
 Metaspace       used 21260K, committed 21504K, reserved 1114112K
  class space    used 2387K, committed 2496K, reserved 1048576K
}
Event: 1.163 GC heap before
{Heap before GC invocations=2 (full 1):
 PSYoungGen      total 305664K, used 13275K [0x000000073e100000, 0x0000000753600000, 0x00000007c0000000)
  eden space 262144K, 0% used [0x000000073e100000,0x000000073e100000,0x000000074e100000)
  from space 43520K, 30% used [0x000000074e100000,0x000000074edf6e18,0x0000000750b80000)
  to   space 43520K, 0% used [0x0000000750b80000,0x0000000750b80000,0x0000000753600000)
 ParOldGen       total 699392K, used 24K [0x000000063a200000, 0x0000000664d00000, 0x000000073e100000)
  object space 699392K, 0% used [0x000000063a200000,0x000000063a206000,0x0000000664d00000)
 Metaspace       used 21260K, committed 21504K, reserved 1114112K
  class space    used 2387K, committed 2496K, reserved 1048576K
}
Event: 1.182 GC heap after
{Heap after GC invocations=2 (full 1):
 PSYoungGen      total 305664K, used 0K [0x000000073e100000, 0x0000000753600000, 0x00000007c0000000)
  eden space 262144K, 0% used [0x000000073e100000,0x000000073e100000,0x000000074e100000)
  from space 43520K, 0% used [0x000000074e100000,0x000000074e100000,0x0000000750b80000)
  to   space 43520K, 0% used [0x0000000750b80000,0x0000000750b80000,0x0000000753600000)
 ParOldGen       total 699392K, used 12984K [0x000000063a200000, 0x0000000664d00000, 0x000000073e100000)
  object space 699392K, 1% used [0x000000063a200000,0x000000063aeae220,0x0000000664d00000)
 Metaspace       used 21235K, committed 21504K, reserved 1114112K
  class space    used 2380K, committed 2496K, reserved 1048576K
}
Event: 1.733 GC heap before
{Heap before GC invocations=3 (full 1):
 PSYoungGen      total 305664K, used 133425K [0x000000073e100000, 0x0000000753600000, 0x00000007c0000000)
  eden space 262144K, 50% used [0x000000073e100000,0x000000074634c660,0x000000074e100000)
  from space 43520K, 0% used [0x000000074e100000,0x000000074e100000,0x0000000750b80000)
  to   space 43520K, 0% used [0x0000000750b80000,0x0000000750b80000,0x0000000753600000)
 ParOldGen       total 699392K, used 12984K [0x000000063a200000, 0x0000000664d00000, 0x000000073e100000)
  object space 699392K, 1% used [0x000000063a200000,0x000000063aeae220,0x0000000664d00000)
 Metaspace       used 35593K, committed 35840K, reserved 1114112K
  class space    used 4386K, committed 4544K, reserved 1048576K
}
Event: 1.751 GC heap after
{Heap after GC invocations=3 (full 1):
 PSYoungGen      total 305664K, used 19709K [0x000000073e100000, 0x0000000753600000, 0x00000007c0000000)
  eden space 262144K, 0% used [0x000000073e100000,0x000000073e100000,0x000000074e100000)
  from space 43520K, 45% used [0x0000000750b80000,0x0000000751ebf4d0,0x0000000753600000)
  to   space 43520K, 0% used [0x000000074e100000,0x000000074e100000,0x0000000750b80000)
 ParOldGen       total 699392K, used 12992K [0x000000063a200000, 0x0000000664d00000, 0x000000073e100000)
  object space 699392K, 1% used [0x000000063a200000,0x000000063aeb0220,0x0000000664d00000)
 Metaspace       used 35593K, committed 35840K, reserved 1114112K
  class space    used 4386K, committed 4544K, reserved 1048576K
}
Event: 1.751 GC heap before
{Heap before GC invocations=4 (full 2):
 PSYoungGen      total 305664K, used 19709K [0x000000073e100000, 0x0000000753600000, 0x00000007c0000000)
  eden space 262144K, 0% used [0x000000073e100000,0x000000073e100000,0x000000074e100000)
  from space 43520K, 45% used [0x0000000750b80000,0x0000000751ebf4d0,0x0000000753600000)
  to   space 43520K, 0% used [0x000000074e100000,0x000000074e100000,0x0000000750b80000)
 ParOldGen       total 699392K, used 12992K [0x000000063a200000, 0x0000000664d00000, 0x000000073e100000)
  object space 699392K, 1% used [0x000000063a200000,0x000000063aeb0220,0x0000000664d00000)
 Metaspace       used 35593K, committed 35840K, reserved 1114112K
  class space    used 4386K, committed 4544K, reserved 1048576K
}
Event: 1.796 GC heap after
{Heap after GC invocations=4 (full 2):
 PSYoungGen      total 305664K, used 0K [0x000000073e100000, 0x0000000753600000, 0x00000007c0000000)
  eden space 262144K, 0% used [0x000000073e100000,0x000000073e100000,0x000000074e100000)
  from space 43520K, 0% used [0x0000000750b80000,0x0000000750b80000,0x0000000753600000)
  to   space 43520K, 0% used [0x000000074e100000,0x000000074e100000,0x0000000750b80000)
 ParOldGen       total 699392K, used 31974K [0x000000063a200000, 0x0000000664d00000, 0x000000073e100000)
  object space 699392K, 4% used [0x000000063a200000,0x000000063c139860,0x0000000664d00000)
 Metaspace       used 35593K, committed 35840K, reserved 1114112K
  class space    used 4386K, committed 4544K, reserved 1048576K
}
Event: 2.794 GC heap before
{Heap before GC invocations=5 (full 2):
 PSYoungGen      total 305664K, used 262144K [0x000000073e100000, 0x0000000753600000, 0x00000007c0000000)
  eden space 262144K, 100% used [0x000000073e100000,0x000000074e100000,0x000000074e100000)
  from space 43520K, 0% used [0x0000000750b80000,0x0000000750b80000,0x0000000753600000)
  to   space 43520K, 0% used [0x000000074e100000,0x000000074e100000,0x0000000750b80000)
 ParOldGen       total 699392K, used 31974K [0x000000063a200000, 0x0000000664d00000, 0x000000073e100000)
  object space 699392K, 4% used [0x000000063a200000,0x000000063c139860,0x0000000664d00000)
 Metaspace       used 56090K, committed 56448K, reserved 1114112K
  class space    used 6874K, committed 7040K, reserved 1048576K
}
Event: 2.821 GC heap after
{Heap after GC invocations=5 (full 2):
 PSYoungGen      total 305664K, used 30942K [0x000000073e100000, 0x0000000763600000, 0x00000007c0000000)
  eden space 262144K, 0% used [0x000000073e100000,0x000000073e100000,0x000000074e100000)
  from space 43520K, 71% used [0x000000074e100000,0x000000074ff379b8,0x0000000750b80000)
  to   space 43520K, 0% used [0x0000000760b80000,0x0000000760b80000,0x0000000763600000)
 ParOldGen       total 699392K, used 31982K [0x000000063a200000, 0x0000000664d00000, 0x000000073e100000)
  object space 699392K, 4% used [0x000000063a200000,0x000000063c13b860,0x0000000664d00000)
 Metaspace       used 56090K, committed 56448K, reserved 1114112K
  class space    used 6874K, committed 7040K, reserved 1048576K
}
Event: 2.956 GC heap before
{Heap before GC invocations=6 (full 2):
 PSYoungGen      total 305664K, used 51793K [0x000000073e100000, 0x0000000763600000, 0x00000007c0000000)
  eden space 262144K, 7% used [0x000000073e100000,0x000000073f55cbf0,0x000000074e100000)
  from space 43520K, 71% used [0x000000074e100000,0x000000074ff379b8,0x0000000750b80000)
  to   space 43520K, 0% used [0x0000000760b80000,0x0000000760b80000,0x0000000763600000)
 ParOldGen       total 699392K, used 31982K [0x000000063a200000, 0x0000000664d00000, 0x000000073e100000)
  object space 699392K, 4% used [0x000000063a200000,0x000000063c13b860,0x0000000664d00000)
 Metaspace       used 59538K, committed 59776K, reserved 1114112K
  class space    used 7339K, committed 7488K, reserved 1048576K
}
Event: 2.983 GC heap after
{Heap after GC invocations=6 (full 2):
 PSYoungGen      total 567808K, used 32979K [0x000000073e100000, 0x0000000763600000, 0x00000007c0000000)
  eden space 524288K, 0% used [0x000000073e100000,0x000000073e100000,0x000000075e100000)
  from space 43520K, 75% used [0x0000000760b80000,0x0000000762bb4db8,0x0000000763600000)
  to   space 43520K, 0% used [0x000000075e100000,0x000000075e100000,0x0000000760b80000)
 ParOldGen       total 699392K, used 31990K [0x000000063a200000, 0x0000000664d00000, 0x000000073e100000)
  object space 699392K, 4% used [0x000000063a200000,0x000000063c13d860,0x0000000664d00000)
 Metaspace       used 59538K, committed 59776K, reserved 1114112K
  class space    used 7339K, committed 7488K, reserved 1048576K
}
Event: 2.983 GC heap before
{Heap before GC invocations=7 (full 3):
 PSYoungGen      total 567808K, used 32979K [0x000000073e100000, 0x0000000763600000, 0x00000007c0000000)
  eden space 524288K, 0% used [0x000000073e100000,0x000000073e100000,0x000000075e100000)
  from space 43520K, 75% used [0x0000000760b80000,0x0000000762bb4db8,0x0000000763600000)
  to   space 43520K, 0% used [0x000000075e100000,0x000000075e100000,0x0000000760b80000)
 ParOldGen       total 699392K, used 31990K [0x000000063a200000, 0x0000000664d00000, 0x000000073e100000)
  object space 699392K, 4% used [0x000000063a200000,0x000000063c13d860,0x0000000664d00000)
 Metaspace       used 59538K, committed 59776K, reserved 1114112K
  class space    used 7339K, committed 7488K, reserved 1048576K
}
Event: 3.071 GC heap after
{Heap after GC invocations=7 (full 3):
 PSYoungGen      total 567808K, used 0K [0x000000073e100000, 0x0000000763600000, 0x00000007c0000000)
  eden space 524288K, 0% used [0x000000073e100000,0x000000073e100000,0x000000075e100000)
  from space 43520K, 0% used [0x0000000760b80000,0x0000000760b80000,0x0000000763600000)
  to   space 43520K, 0% used [0x000000075e100000,0x000000075e100000,0x0000000760b80000)
 ParOldGen       total 699392K, used 61037K [0x000000063a200000, 0x0000000664d00000, 0x000000073e100000)
  object space 699392K, 8% used [0x000000063a200000,0x000000063dd9b700,0x0000000664d00000)
 Metaspace       used 59538K, committed 59776K, reserved 1114112K
  class space    used 7339K, committed 7488K, reserved 1048576K
}

